<?xml version="1.0" encoding="UTF-8"?>
<coverage generated="1570997408068" clover="3.2.0">
  <project timestamp="1570997408068" name="All files">
    <metrics statements="163" coveredstatements="152" conditionals="79" coveredconditionals="54" methods="55" coveredmethods="38" elements="297" coveredelements="244" complexity="0" loc="163" ncloc="163" packages="6" files="19" classes="19">
      <package name="Components">
        <metrics statements="15" coveredstatements="15" conditionals="0" coveredconditionals="0" methods="3" coveredmethods="3"/>
        <file name="Box.js" path="/Users/testing/Projects/React-Native/react-native-matrix-demo-with-test-cases/App/Components/Box.js">
          <metrics statements="7" coveredstatements="7" conditionals="0" coveredconditionals="0" methods="1" coveredmethods="1"/>
          <line num="1" count="2" type="stmt"/>
          <line num="3" count="2" type="stmt"/>
          <line num="4" count="2" type="stmt"/>
          <line num="6" count="2" type="stmt"/>
          <line num="7" count="1" type="stmt"/>
          <line num="8" count="1" type="stmt"/>
          <line num="24" count="2" type="stmt"/>
        </file>
        <file name="Button.js" path="/Users/testing/Projects/React-Native/react-native-matrix-demo-with-test-cases/App/Components/Button.js">
          <metrics statements="8" coveredstatements="8" conditionals="0" coveredconditionals="0" methods="2" coveredmethods="2"/>
          <line num="1" count="4" type="stmt"/>
          <line num="3" count="4" type="stmt"/>
          <line num="4" count="4" type="stmt"/>
          <line num="6" count="4" type="stmt"/>
          <line num="7" count="4" type="stmt"/>
          <line num="8" count="4" type="stmt"/>
          <line num="11" count="1" type="stmt"/>
          <line num="18" count="4" type="stmt"/>
        </file>
      </package>
      <package name="Components.Styles">
        <metrics statements="8" coveredstatements="8" conditionals="0" coveredconditionals="0" methods="0" coveredmethods="0"/>
        <file name="BoxStyle.js" path="/Users/testing/Projects/React-Native/react-native-matrix-demo-with-test-cases/App/Components/Styles/BoxStyle.js">
          <metrics statements="4" coveredstatements="4" conditionals="0" coveredconditionals="0" methods="0" coveredmethods="0"/>
          <line num="1" count="2" type="stmt"/>
          <line num="2" count="2" type="stmt"/>
          <line num="4" count="2" type="stmt"/>
          <line num="15" count="2" type="stmt"/>
        </file>
        <file name="ButtonStyle.js" path="/Users/testing/Projects/React-Native/react-native-matrix-demo-with-test-cases/App/Components/Styles/ButtonStyle.js">
          <metrics statements="4" coveredstatements="4" conditionals="0" coveredconditionals="0" methods="0" coveredmethods="0"/>
          <line num="1" count="4" type="stmt"/>
          <line num="2" count="4" type="stmt"/>
          <line num="4" count="4" type="stmt"/>
          <line num="18" count="4" type="stmt"/>
        </file>
      </package>
      <package name="Containers">
        <metrics statements="101" coveredstatements="90" conditionals="33" coveredconditionals="27" methods="27" coveredmethods="21"/>
        <file name="HomeScreen.js" path="/Users/testing/Projects/React-Native/react-native-matrix-demo-with-test-cases/App/Containers/HomeScreen.js">
          <metrics statements="14" coveredstatements="12" conditionals="0" coveredconditionals="0" methods="5" coveredmethods="3"/>
          <line num="1" count="1" type="stmt"/>
          <line num="2" count="1" type="stmt"/>
          <line num="5" count="1" type="stmt"/>
          <line num="6" count="1" type="stmt"/>
          <line num="7" count="1" type="stmt"/>
          <line num="12" count="1" type="stmt"/>
          <line num="13" count="1" type="stmt"/>
          <line num="17" count="0" type="stmt"/>
          <line num="18" count="1" type="stmt"/>
          <line num="21" count="0" type="stmt"/>
          <line num="22" count="1" type="stmt"/>
          <line num="25" count="1" type="stmt"/>
          <line num="34" count="1" type="stmt"/>
          <line num="37" count="1" type="stmt"/>
        </file>
        <file name="ProductRecommendationScreen.js" path="/Users/testing/Projects/React-Native/react-native-matrix-demo-with-test-cases/App/Containers/ProductRecommendationScreen.js">
          <metrics statements="42" coveredstatements="34" conditionals="25" coveredconditionals="19" methods="10" coveredmethods="7"/>
          <line num="1" count="1" type="stmt"/>
          <line num="2" count="1" type="stmt"/>
          <line num="3" count="1" type="stmt"/>
          <line num="4" count="1" type="stmt"/>
          <line num="5" count="1" type="stmt"/>
          <line num="6" count="1" type="stmt"/>
          <line num="11" count="1" type="stmt"/>
          <line num="12" count="1" type="stmt"/>
          <line num="17" count="1" type="stmt"/>
          <line num="22" count="4" type="stmt"/>
          <line num="23" count="4" type="stmt"/>
          <line num="39" count="2" type="stmt"/>
          <line num="40" count="2" type="cond" truecount="4" falsecount="0"/>
          <line num="42" count="2" type="cond" truecount="2" falsecount="0"/>
          <line num="43" count="1" type="stmt"/>
          <line num="44" count="1" type="stmt"/>
          <line num="46" count="1" type="cond" truecount="1" falsecount="1"/>
          <line num="47" count="0" type="stmt"/>
          <line num="50" count="1" type="cond" truecount="1" falsecount="1"/>
          <line num="51" count="0" type="stmt"/>
          <line num="54" count="1" type="cond" truecount="3" falsecount="1"/>
          <line num="55" count="0" type="stmt"/>
          <line num="58" count="1" type="cond" truecount="3" falsecount="1"/>
          <line num="59" count="1" type="stmt"/>
          <line num="62" count="0" type="cond" truecount="0" falsecount="2"/>
          <line num="63" count="0" type="stmt"/>
          <line num="67" count="4" type="stmt"/>
          <line num="70" count="5" type="stmt"/>
          <line num="71" count="4" type="stmt"/>
          <line num="73" count="11" type="stmt"/>
          <line num="74" count="11" type="stmt"/>
          <line num="75" count="11" type="cond" truecount="3" falsecount="0"/>
          <line num="76" count="11" type="stmt"/>
          <line num="82" count="0" type="stmt"/>
          <line num="94" count="0" type="stmt"/>
          <line num="102" count="0" type="stmt"/>
          <line num="116" count="11" type="stmt"/>
          <line num="117" count="11" type="cond" truecount="2" falsecount="0"/>
          <line num="118" count="1" type="stmt"/>
          <line num="129" count="11" type="stmt"/>
          <line num="135" count="1" type="stmt"/>
          <line num="138" count="1" type="stmt"/>
        </file>
        <file name="RotatePictureScreen.js" path="/Users/testing/Projects/React-Native/react-native-matrix-demo-with-test-cases/App/Containers/RotatePictureScreen.js">
          <metrics statements="45" coveredstatements="44" conditionals="8" coveredconditionals="8" methods="12" coveredmethods="11"/>
          <line num="1" count="1" type="stmt"/>
          <line num="2" count="1" type="stmt"/>
          <line num="3" count="1" type="stmt"/>
          <line num="4" count="1" type="stmt"/>
          <line num="5" count="1" type="stmt"/>
          <line num="7" count="1" type="stmt"/>
          <line num="12" count="5" type="stmt"/>
          <line num="13" count="5" type="stmt"/>
          <line num="23" count="3" type="stmt"/>
          <line num="24" count="3" type="cond" truecount="4" falsecount="0"/>
          <line num="25" count="1" type="stmt"/>
          <line num="26" count="1" type="stmt"/>
          <line num="28" count="2" type="stmt"/>
          <line num="32" count="2" type="stmt"/>
          <line num="33" count="6" type="stmt"/>
          <line num="34" count="18" type="stmt"/>
          <line num="37" count="2" type="stmt"/>
          <line num="39" count="5" type="stmt"/>
          <line num="42" count="1" type="stmt"/>
          <line num="43" count="1" type="stmt"/>
          <line num="44" count="1" type="stmt"/>
          <line num="45" count="1" type="stmt"/>
          <line num="46" count="1" type="stmt"/>
          <line num="47" count="1" type="stmt"/>
          <line num="48" count="2" type="stmt"/>
          <line num="49" count="2" type="stmt"/>
          <line num="50" count="2" type="stmt"/>
          <line num="51" count="2" type="stmt"/>
          <line num="52" count="2" type="stmt"/>
          <line num="55" count="1" type="stmt"/>
          <line num="56" count="5" type="stmt"/>
          <line num="58" count="12" type="stmt"/>
          <line num="59" count="12" type="stmt"/>
          <line num="60" count="12" type="stmt"/>
          <line num="66" count="0" type="stmt"/>
          <line num="80" count="12" type="stmt"/>
          <line num="84" count="3" type="stmt"/>
          <line num="85" count="3" type="stmt"/>
          <line num="88" count="9" type="stmt"/>
          <line num="91" count="27" type="stmt"/>
          <line num="101" count="3" type="stmt"/>
          <line num="111" count="12" type="stmt"/>
          <line num="112" count="12" type="stmt"/>
          <line num="120" count="1" type="stmt"/>
          <line num="123" count="1" type="stmt"/>
        </file>
      </package>
      <package name="Containers.Styles">
        <metrics statements="12" coveredstatements="12" conditionals="30" coveredconditionals="18" methods="15" coveredmethods="9"/>
        <file name="HomeScreenStyles.js" path="/Users/testing/Projects/React-Native/react-native-matrix-demo-with-test-cases/App/Containers/Styles/HomeScreenStyles.js">
          <metrics statements="4" coveredstatements="4" conditionals="10" coveredconditionals="6" methods="5" coveredmethods="3"/>
          <line num="1" count="1" type="stmt"/>
          <line num="2" count="7" type="cond" truecount="6" falsecount="4"/>
          <line num="4" count="1" type="stmt"/>
          <line num="9" count="1" type="stmt"/>
        </file>
        <file name="ProductRecommendationScreenStyle.js" path="/Users/testing/Projects/React-Native/react-native-matrix-demo-with-test-cases/App/Containers/Styles/ProductRecommendationScreenStyle.js">
          <metrics statements="4" coveredstatements="4" conditionals="10" coveredconditionals="6" methods="5" coveredmethods="3"/>
          <line num="1" count="1" type="stmt"/>
          <line num="2" count="7" type="cond" truecount="6" falsecount="4"/>
          <line num="4" count="1" type="stmt"/>
          <line num="17" count="1" type="stmt"/>
        </file>
        <file name="RotatePictureScreenStyle.js" path="/Users/testing/Projects/React-Native/react-native-matrix-demo-with-test-cases/App/Containers/Styles/RotatePictureScreenStyle.js">
          <metrics statements="4" coveredstatements="4" conditionals="10" coveredconditionals="6" methods="5" coveredmethods="3"/>
          <line num="1" count="1" type="stmt"/>
          <line num="2" count="7" type="cond" truecount="6" falsecount="4"/>
          <line num="4" count="1" type="stmt"/>
          <line num="45" count="1" type="stmt"/>
        </file>
      </package>
      <package name="Images">
        <metrics statements="3" coveredstatements="3" conditionals="0" coveredconditionals="0" methods="0" coveredmethods="0"/>
        <file name="checked.png" path="/Users/testing/Projects/React-Native/react-native-matrix-demo-with-test-cases/App/Images/checked.png">
          <metrics statements="1" coveredstatements="1" conditionals="0" coveredconditionals="0" methods="0" coveredmethods="0"/>
          <line num="1" count="5" type="stmt"/>
        </file>
        <file name="launch-icon.png" path="/Users/testing/Projects/React-Native/react-native-matrix-demo-with-test-cases/App/Images/launch-icon.png">
          <metrics statements="1" coveredstatements="1" conditionals="0" coveredconditionals="0" methods="0" coveredmethods="0"/>
          <line num="1" count="5" type="stmt"/>
        </file>
        <file name="unchecked.png" path="/Users/testing/Projects/React-Native/react-native-matrix-demo-with-test-cases/App/Images/unchecked.png">
          <metrics statements="1" coveredstatements="1" conditionals="0" coveredconditionals="0" methods="0" coveredmethods="0"/>
          <line num="1" count="5" type="stmt"/>
        </file>
      </package>
      <package name="Themes">
        <metrics statements="24" coveredstatements="24" conditionals="16" coveredconditionals="9" methods="10" coveredmethods="5"/>
        <file name="ApplicationStyles.js" path="/Users/testing/Projects/React-Native/react-native-matrix-demo-with-test-cases/App/Themes/ApplicationStyles.js">
          <metrics statements="5" coveredstatements="5" conditionals="10" coveredconditionals="6" methods="5" coveredmethods="3"/>
          <line num="1" count="5" type="stmt"/>
          <line num="2" count="5" type="stmt"/>
          <line num="3" count="30" type="cond" truecount="6" falsecount="4"/>
          <line num="8" count="5" type="stmt"/>
          <line num="81" count="5" type="stmt"/>
        </file>
        <file name="Colors.js" path="/Users/testing/Projects/React-Native/react-native-matrix-demo-with-test-cases/App/Themes/Colors.js">
          <metrics statements="2" coveredstatements="2" conditionals="0" coveredconditionals="0" methods="0" coveredmethods="0"/>
          <line num="1" count="5" type="stmt"/>
          <line num="28" count="5" type="stmt"/>
        </file>
        <file name="Fonts.js" path="/Users/testing/Projects/React-Native/react-native-matrix-demo-with-test-cases/App/Themes/Fonts.js">
          <metrics statements="5" coveredstatements="5" conditionals="0" coveredconditionals="0" methods="0" coveredmethods="0"/>
          <line num="1" count="5" type="stmt"/>
          <line num="7" count="5" type="stmt"/>
          <line num="21" count="5" type="stmt"/>
          <line num="56" count="5" type="stmt"/>
          <line num="59" count="5" type="stmt"/>
        </file>
        <file name="Images.js" path="/Users/testing/Projects/React-Native/react-native-matrix-demo-with-test-cases/App/Themes/Images.js">
          <metrics statements="3" coveredstatements="3" conditionals="0" coveredconditionals="0" methods="0" coveredmethods="0"/>
          <line num="1" count="5" type="stmt"/>
          <line num="2" count="5" type="stmt"/>
          <line num="8" count="5" type="stmt"/>
        </file>
        <file name="Metrics.js" path="/Users/testing/Projects/React-Native/react-native-matrix-demo-with-test-cases/App/Themes/Metrics.js">
          <metrics statements="4" coveredstatements="4" conditionals="6" coveredconditionals="3" methods="0" coveredmethods="0"/>
          <line num="1" count="5" type="stmt"/>
          <line num="3" count="5" type="stmt"/>
          <line num="6" count="5" type="stmt"/>
          <line num="34" count="5" type="stmt"/>
        </file>
        <file name="index.js" path="/Users/testing/Projects/React-Native/react-native-matrix-demo-with-test-cases/App/Themes/index.js">
          <metrics statements="5" coveredstatements="5" conditionals="0" coveredconditionals="0" methods="5" coveredmethods="2"/>
          <line num="1" count="12" type="stmt"/>
          <line num="2" count="5" type="stmt"/>
          <line num="3" count="5" type="stmt"/>
          <line num="4" count="5" type="stmt"/>
          <line num="5" count="5" type="stmt"/>
        </file>
      </package>
    </metrics>
  </project>
</coverage>
