{"/Users/testing/Projects/React-Native/react-native-matrix-demo-with-test-cases/App/Components/Box.js": {"path":"/Users/testing/Projects/React-Native/react-native-matrix-demo-with-test-cases/App/Components/Box.js","statementMap":{"0":{"start":{"line":1,"column":43},"end":{"line":1,"column":99}},"1":{"start":{"line":1,"column":129},"end":{"line":1,"column":184}},"2":{"start":{"line":1,"column":185},"end":{"line":1,"column":247}},"3":{"start":{"line":1,"column":247},"end":{"line":1,"column":272}},"4":{"start":{"line":1,"column":285},"end":{"line":1,"column":326}},"5":{"start":{"line":3,"column":19},"end":{"line":3,"column":42}},"6":{"start":{"line":4,"column":16},"end":{"line":4,"column":68}},"7":{"start":{"line":4,"column":88},"end":{"line":4,"column":189}},"8":{"start":{"line":6,"column":10},"end":{"line":22,"column":1}},"9":{"start":{"line":7,"column":10},"end":{"line":7,"column":21}},"10":{"start":{"line":7,"column":32},"end":{"line":7,"column":45}},"11":{"start":{"line":8,"column":2},"end":{"line":19,"column":119}},"12":{"start":{"line":24,"column":0},"end":{"line":24,"column":3}},"13":{"start":{"line":24,"column":4},"end":{"line":24,"column":31}}},"fnMap":{"0":{"name":"Box","decl":{"start":{"line":6,"column":19},"end":{"line":6,"column":22}},"loc":{"start":{"line":6,"column":30},"end":{"line":22,"column":1}},"line":6}},"branchMap":{},"s":{"0":2,"1":2,"2":2,"3":2,"4":2,"5":2,"6":2,"7":2,"8":2,"9":1,"10":1,"11":1,"12":2,"13":2},"f":{"0":1},"b":{},"_coverageSchema":"332fd63041d2c1bcb487cc26dd0d5f7d97098a6c","hash":"9002d82d887ee1014498e7b338128d33cfadca27"}
,"/Users/testing/Projects/React-Native/react-native-matrix-demo-with-test-cases/App/Components/Button.js": {"path":"/Users/testing/Projects/React-Native/react-native-matrix-demo-with-test-cases/App/Components/Button.js","statementMap":{"0":{"start":{"line":1,"column":43},"end":{"line":1,"column":99}},"1":{"start":{"line":1,"column":129},"end":{"line":1,"column":184}},"2":{"start":{"line":1,"column":185},"end":{"line":1,"column":247}},"3":{"start":{"line":1,"column":247},"end":{"line":1,"column":272}},"4":{"start":{"line":1,"column":285},"end":{"line":1,"column":326}},"5":{"start":{"line":3,"column":19},"end":{"line":3,"column":42}},"6":{"start":{"line":4,"column":19},"end":{"line":4,"column":74}},"7":{"start":{"line":4,"column":94},"end":{"line":4,"column":198}},"8":{"start":{"line":6,"column":13},"end":{"line":17,"column":1}},"9":{"start":{"line":7,"column":9},"end":{"line":7,"column":19}},"10":{"start":{"line":7,"column":31},"end":{"line":7,"column":44}},"11":{"start":{"line":7,"column":53},"end":{"line":7,"column":64}},"12":{"start":{"line":7,"column":76},"end":{"line":7,"column":90}},"13":{"start":{"line":8,"column":2},"end":{"line":14,"column":163}},"14":{"start":{"line":11,"column":35},"end":{"line":11,"column":53}},"15":{"start":{"line":18,"column":0},"end":{"line":18,"column":6}},"16":{"start":{"line":18,"column":7},"end":{"line":18,"column":34}}},"fnMap":{"0":{"name":"Button","decl":{"start":{"line":6,"column":22},"end":{"line":6,"column":28}},"loc":{"start":{"line":6,"column":36},"end":{"line":17,"column":1}},"line":6},"1":{"name":"onPress","decl":{"start":{"line":11,"column":24},"end":{"line":11,"column":31}},"loc":{"start":{"line":11,"column":34},"end":{"line":11,"column":54}},"line":11}},"branchMap":{},"s":{"0":4,"1":4,"2":4,"3":4,"4":4,"5":4,"6":4,"7":4,"8":4,"9":4,"10":4,"11":4,"12":4,"13":4,"14":1,"15":4,"16":4},"f":{"0":4,"1":1},"b":{},"_coverageSchema":"332fd63041d2c1bcb487cc26dd0d5f7d97098a6c","hash":"1b283f80dc5bc13de858584ca5f842fb80bf9c1d"}
,"/Users/testing/Projects/React-Native/react-native-matrix-demo-with-test-cases/App/Components/Styles/BoxStyle.js": {"path":"/Users/testing/Projects/React-Native/react-native-matrix-demo-with-test-cases/App/Components/Styles/BoxStyle.js","statementMap":{"0":{"start":{"line":1,"column":13},"end":{"line":1,"column":75}},"1":{"start":{"line":1,"column":75},"end":{"line":1,"column":100}},"2":{"start":{"line":1,"column":119},"end":{"line":1,"column":142}},"3":{"start":{"line":2,"column":14},"end":{"line":2,"column":37}},"4":{"start":{"line":4,"column":0},"end":{"line":15,"column":24}},"5":{"start":{"line":15,"column":25},"end":{"line":15,"column":52}}},"fnMap":{},"branchMap":{},"s":{"0":2,"1":2,"2":2,"3":2,"4":2,"5":2},"f":{},"b":{},"_coverageSchema":"332fd63041d2c1bcb487cc26dd0d5f7d97098a6c","hash":"1fee7d6df0458b34a02f6bb95a86f806ff517a8f"}
,"/Users/testing/Projects/React-Native/react-native-matrix-demo-with-test-cases/App/Components/Styles/ButtonStyle.js": {"path":"/Users/testing/Projects/React-Native/react-native-matrix-demo-with-test-cases/App/Components/Styles/ButtonStyle.js","statementMap":{"0":{"start":{"line":1,"column":13},"end":{"line":1,"column":75}},"1":{"start":{"line":1,"column":75},"end":{"line":1,"column":100}},"2":{"start":{"line":1,"column":119},"end":{"line":1,"column":142}},"3":{"start":{"line":2,"column":14},"end":{"line":2,"column":37}},"4":{"start":{"line":4,"column":0},"end":{"line":18,"column":28}},"5":{"start":{"line":18,"column":29},"end":{"line":18,"column":56}}},"fnMap":{},"branchMap":{},"s":{"0":4,"1":4,"2":4,"3":4,"4":4,"5":4},"f":{},"b":{},"_coverageSchema":"332fd63041d2c1bcb487cc26dd0d5f7d97098a6c","hash":"4521d15623b61d3987b781863f84c15610beab72"}
,"/Users/testing/Projects/React-Native/react-native-matrix-demo-with-test-cases/App/Containers/HomeScreen.js": {"path":"/Users/testing/Projects/React-Native/react-native-matrix-demo-with-test-cases/App/Containers/HomeScreen.js","statementMap":{"0":{"start":{"line":1,"column":42},"end":{"line":1,"column":97}},"1":{"start":{"line":1,"column":128},"end":{"line":1,"column":184}},"2":{"start":{"line":1,"column":185},"end":{"line":1,"column":247}},"3":{"start":{"line":1,"column":247},"end":{"line":1,"column":272}},"4":{"start":{"line":1,"column":295},"end":{"line":1,"column":367}},"5":{"start":{"line":1,"column":388},"end":{"line":1,"column":457}},"6":{"start":{"line":1,"column":492},"end":{"line":1,"column":575}},"7":{"start":{"line":1,"column":599},"end":{"line":1,"column":671}},"8":{"start":{"line":1,"column":689},"end":{"line":1,"column":755}},"9":{"start":{"line":1,"column":769},"end":{"line":1,"column":810}},"10":{"start":{"line":2,"column":19},"end":{"line":2,"column":42}},"11":{"start":{"line":5,"column":24},"end":{"line":5,"column":84}},"12":{"start":{"line":6,"column":14},"end":{"line":6,"column":69}},"13":{"start":{"line":6,"column":89},"end":{"line":6,"column":197}},"14":{"start":{"line":7,"column":13},"end":{"line":34,"column":47}},"15":{"start":{"line":7,"column":36},"end":{"line":7,"column":84}},"16":{"start":{"line":12,"column":40},"end":{"line":12,"column":88}},"17":{"start":{"line":13,"column":4},"end":{"line":13,"column":120}},"18":{"start":{"line":13,"column":120},"end":{"line":18,"column":6}},"19":{"start":{"line":17,"column":6},"end":{"line":17,"column":61}},"20":{"start":{"line":18,"column":6},"end":{"line":22,"column":6}},"21":{"start":{"line":21,"column":6},"end":{"line":21,"column":69}},"22":{"start":{"line":22,"column":6},"end":{"line":22,"column":19}},"23":{"start":{"line":22,"column":20},"end":{"line":34,"column":10}},"24":{"start":{"line":25,"column":6},"end":{"line":30,"column":105}},"25":{"start":{"line":34,"column":10},"end":{"line":34,"column":28}},"26":{"start":{"line":34,"column":48},"end":{"line":34,"column":96}},"27":{"start":{"line":37,"column":0},"end":{"line":37,"column":10}},"28":{"start":{"line":37,"column":11},"end":{"line":37,"column":38}}},"fnMap":{"0":{"name":"(anonymous_0)","decl":{"start":{"line":7,"column":13},"end":{"line":7,"column":14}},"loc":{"start":{"line":7,"column":35},"end":{"line":34,"column":29}},"line":7},"1":{"name":"HomeScreen","decl":{"start":{"line":12,"column":11},"end":{"line":12,"column":21}},"loc":{"start":{"line":12,"column":29},"end":{"line":22,"column":20}},"line":12},"2":{"name":"(anonymous_2)","decl":{"start":{"line":16,"column":20},"end":{"line":16,"column":21}},"loc":{"start":{"line":16,"column":32},"end":{"line":18,"column":5}},"line":16},"3":{"name":"(anonymous_3)","decl":{"start":{"line":20,"column":28},"end":{"line":20,"column":29}},"loc":{"start":{"line":20,"column":40},"end":{"line":22,"column":5}},"line":20},"4":{"name":"render","decl":{"start":{"line":22,"column":93},"end":{"line":22,"column":99}},"loc":{"start":{"line":24,"column":4},"end":{"line":34,"column":5}},"line":24}},"branchMap":{},"s":{"0":1,"1":1,"2":1,"3":1,"4":1,"5":1,"6":1,"7":1,"8":1,"9":1,"10":1,"11":1,"12":1,"13":1,"14":1,"15":1,"16":1,"17":1,"18":1,"19":0,"20":1,"21":0,"22":1,"23":1,"24":1,"25":1,"26":1,"27":1,"28":1},"f":{"0":1,"1":1,"2":0,"3":0,"4":1},"b":{},"_coverageSchema":"332fd63041d2c1bcb487cc26dd0d5f7d97098a6c","hash":"a44a2a7463494dec2a3bb3c6e0fee74c7de592c6"}
,"/Users/testing/Projects/React-Native/react-native-matrix-demo-with-test-cases/App/Containers/ProductRecommendationScreen.js": {"path":"/Users/testing/Projects/React-Native/react-native-matrix-demo-with-test-cases/App/Containers/ProductRecommendationScreen.js","statementMap":{"0":{"start":{"line":1,"column":42},"end":{"line":1,"column":97}},"1":{"start":{"line":1,"column":128},"end":{"line":1,"column":184}},"2":{"start":{"line":1,"column":185},"end":{"line":1,"column":247}},"3":{"start":{"line":1,"column":247},"end":{"line":1,"column":272}},"4":{"start":{"line":1,"column":295},"end":{"line":1,"column":367}},"5":{"start":{"line":1,"column":391},"end":{"line":1,"column":463}},"6":{"start":{"line":1,"column":484},"end":{"line":1,"column":553}},"7":{"start":{"line":1,"column":588},"end":{"line":1,"column":671}},"8":{"start":{"line":1,"column":695},"end":{"line":1,"column":767}},"9":{"start":{"line":1,"column":785},"end":{"line":1,"column":851}},"10":{"start":{"line":1,"column":865},"end":{"line":1,"column":906}},"11":{"start":{"line":2,"column":19},"end":{"line":2,"column":42}},"12":{"start":{"line":3,"column":18},"end":{"line":3,"column":40}},"13":{"start":{"line":4,"column":36},"end":{"line":4,"column":103}},"14":{"start":{"line":5,"column":14},"end":{"line":5,"column":69}},"15":{"start":{"line":6,"column":15},"end":{"line":6,"column":74}},"16":{"start":{"line":11,"column":40},"end":{"line":11,"column":116}},"17":{"start":{"line":11,"column":136},"end":{"line":11,"column":261}},"18":{"start":{"line":12,"column":19},"end":{"line":14,"column":29}},"19":{"start":{"line":17,"column":30},"end":{"line":135,"column":64}},"20":{"start":{"line":17,"column":53},"end":{"line":17,"column":118}},"21":{"start":{"line":22,"column":57},"end":{"line":22,"column":122}},"22":{"start":{"line":23,"column":4},"end":{"line":23,"column":137}},"23":{"start":{"line":23,"column":137},"end":{"line":67,"column":6}},"24":{"start":{"line":39,"column":6},"end":{"line":39,"column":17}},"25":{"start":{"line":39,"column":24},"end":{"line":39,"column":39}},"26":{"start":{"line":39,"column":49},"end":{"line":39,"column":67}},"27":{"start":{"line":39,"column":80},"end":{"line":39,"column":101}},"28":{"start":{"line":39,"column":124},"end":{"line":39,"column":143}},"29":{"start":{"line":39,"column":158},"end":{"line":39,"column":189}},"30":{"start":{"line":39,"column":200},"end":{"line":39,"column":227}},"31":{"start":{"line":39,"column":238},"end":{"line":39,"column":265}},"32":{"start":{"line":39,"column":280},"end":{"line":39,"column":311}},"33":{"start":{"line":39,"column":319},"end":{"line":39,"column":343}},"34":{"start":{"line":40,"column":20},"end":{"line":40,"column":66}},"35":{"start":{"line":42,"column":6},"end":{"line":45,"column":7}},"36":{"start":{"line":43,"column":8},"end":{"line":43,"column":43}},"37":{"start":{"line":44,"column":8},"end":{"line":44,"column":15}},"38":{"start":{"line":46,"column":6},"end":{"line":66,"column":7}},"39":{"start":{"line":47,"column":8},"end":{"line":48,"column":33}},"40":{"start":{"line":50,"column":13},"end":{"line":66,"column":7}},"41":{"start":{"line":51,"column":8},"end":{"line":52,"column":29}},"42":{"start":{"line":54,"column":13},"end":{"line":66,"column":7}},"43":{"start":{"line":55,"column":8},"end":{"line":56,"column":29}},"44":{"start":{"line":58,"column":13},"end":{"line":66,"column":7}},"45":{"start":{"line":59,"column":8},"end":{"line":60,"column":33}},"46":{"start":{"line":62,"column":13},"end":{"line":66,"column":7}},"47":{"start":{"line":63,"column":8},"end":{"line":64,"column":26}},"48":{"start":{"line":67,"column":6},"end":{"line":71,"column":6}},"49":{"start":{"line":70,"column":6},"end":{"line":70,"column":68}},"50":{"start":{"line":71,"column":6},"end":{"line":71,"column":103}},"51":{"start":{"line":71,"column":103},"end":{"line":71,"column":116}},"52":{"start":{"line":71,"column":117},"end":{"line":135,"column":10}},"53":{"start":{"line":73,"column":18},"end":{"line":73,"column":22}},"54":{"start":{"line":74,"column":6},"end":{"line":74,"column":16}},"55":{"start":{"line":74,"column":23},"end":{"line":74,"column":39}},"56":{"start":{"line":74,"column":49},"end":{"line":74,"column":68}},"57":{"start":{"line":74,"column":81},"end":{"line":74,"column":103}},"58":{"start":{"line":75,"column":20},"end":{"line":75,"column":49}},"59":{"start":{"line":76,"column":6},"end":{"line":109,"column":87}},"60":{"start":{"line":82,"column":54},"end":{"line":82,"column":98}},"61":{"start":{"line":94,"column":44},"end":{"line":94,"column":94}},"62":{"start":{"line":102,"column":54},"end":{"line":102,"column":101}},"63":{"start":{"line":116,"column":15},"end":{"line":116,"column":32}},"64":{"start":{"line":117,"column":6},"end":{"line":117,"column":26}},"65":{"start":{"line":117,"column":19},"end":{"line":117,"column":26}},"66":{"start":{"line":118,"column":6},"end":{"line":123,"column":142}},"67":{"start":{"line":129,"column":6},"end":{"line":132,"column":30}},"68":{"start":{"line":135,"column":10},"end":{"line":135,"column":45}},"69":{"start":{"line":135,"column":65},"end":{"line":135,"column":149}},"70":{"start":{"line":138,"column":0},"end":{"line":138,"column":27}},"71":{"start":{"line":138,"column":28},"end":{"line":138,"column":55}}},"fnMap":{"0":{"name":"(anonymous_0)","decl":{"start":{"line":17,"column":30},"end":{"line":17,"column":31}},"loc":{"start":{"line":17,"column":52},"end":{"line":135,"column":46}},"line":17},"1":{"name":"ProductRecommendationScreen","decl":{"start":{"line":22,"column":11},"end":{"line":22,"column":38}},"loc":{"start":{"line":22,"column":46},"end":{"line":71,"column":117}},"line":22},"2":{"name":"(anonymous_2)","decl":{"start":{"line":33,"column":13},"end":{"line":33,"column":14}},"loc":{"start":{"line":33,"column":25},"end":{"line":67,"column":5}},"line":33},"3":{"name":"(anonymous_3)","decl":{"start":{"line":69,"column":22},"end":{"line":69,"column":23}},"loc":{"start":{"line":69,"column":44},"end":{"line":71,"column":5}},"line":69},"4":{"name":"renderForm","decl":{"start":{"line":71,"column":211},"end":{"line":71,"column":221}},"loc":{"start":{"line":73,"column":4},"end":{"line":113,"column":5}},"line":73},"5":{"name":"onChangeText","decl":{"start":{"line":82,"column":33},"end":{"line":82,"column":45}},"loc":{"start":{"line":82,"column":53},"end":{"line":82,"column":99}},"line":82},"6":{"name":"onPress","decl":{"start":{"line":94,"column":28},"end":{"line":94,"column":35}},"loc":{"start":{"line":94,"column":43},"end":{"line":94,"column":95}},"line":94},"7":{"name":"onChangeText","decl":{"start":{"line":102,"column":33},"end":{"line":102,"column":45}},"loc":{"start":{"line":102,"column":53},"end":{"line":102,"column":102}},"line":102},"8":{"name":"renderOutput","decl":{"start":{"line":113,"column":48},"end":{"line":113,"column":60}},"loc":{"start":{"line":115,"column":4},"end":{"line":126,"column":5}},"line":115},"9":{"name":"render","decl":{"start":{"line":126,"column":42},"end":{"line":126,"column":48}},"loc":{"start":{"line":128,"column":4},"end":{"line":135,"column":5}},"line":128}},"branchMap":{"0":{"loc":{"start":{"line":40,"column":20},"end":{"line":40,"column":66}},"type":"binary-expr","locations":[{"start":{"line":40,"column":20},"end":{"line":40,"column":30}},{"start":{"line":40,"column":34},"end":{"line":40,"column":47}},{"start":{"line":40,"column":51},"end":{"line":40,"column":55}},{"start":{"line":40,"column":59},"end":{"line":40,"column":66}}],"line":40},"1":{"loc":{"start":{"line":42,"column":6},"end":{"line":45,"column":7}},"type":"if","locations":[{"start":{"line":42,"column":6},"end":{"line":45,"column":7}},{"start":{"line":42,"column":6},"end":{"line":45,"column":7}}],"line":42},"2":{"loc":{"start":{"line":46,"column":6},"end":{"line":66,"column":7}},"type":"if","locations":[{"start":{"line":46,"column":6},"end":{"line":66,"column":7}},{"start":{"line":46,"column":6},"end":{"line":66,"column":7}}],"line":46},"3":{"loc":{"start":{"line":50,"column":13},"end":{"line":66,"column":7}},"type":"if","locations":[{"start":{"line":50,"column":13},"end":{"line":66,"column":7}},{"start":{"line":50,"column":13},"end":{"line":66,"column":7}}],"line":50},"4":{"loc":{"start":{"line":54,"column":13},"end":{"line":66,"column":7}},"type":"if","locations":[{"start":{"line":54,"column":13},"end":{"line":66,"column":7}},{"start":{"line":54,"column":13},"end":{"line":66,"column":7}}],"line":54},"5":{"loc":{"start":{"line":54,"column":17},"end":{"line":54,"column":46}},"type":"binary-expr","locations":[{"start":{"line":54,"column":17},"end":{"line":54,"column":27}},{"start":{"line":54,"column":31},"end":{"line":54,"column":46}}],"line":54},"6":{"loc":{"start":{"line":58,"column":13},"end":{"line":66,"column":7}},"type":"if","locations":[{"start":{"line":58,"column":13},"end":{"line":66,"column":7}},{"start":{"line":58,"column":13},"end":{"line":66,"column":7}}],"line":58},"7":{"loc":{"start":{"line":58,"column":17},"end":{"line":58,"column":50}},"type":"binary-expr","locations":[{"start":{"line":58,"column":17},"end":{"line":58,"column":31}},{"start":{"line":58,"column":35},"end":{"line":58,"column":50}}],"line":58},"8":{"loc":{"start":{"line":62,"column":13},"end":{"line":66,"column":7}},"type":"if","locations":[{"start":{"line":62,"column":13},"end":{"line":66,"column":7}},{"start":{"line":62,"column":13},"end":{"line":66,"column":7}}],"line":62},"9":{"loc":{"start":{"line":75,"column":20},"end":{"line":75,"column":49}},"type":"binary-expr","locations":[{"start":{"line":75,"column":20},"end":{"line":75,"column":24}},{"start":{"line":75,"column":28},"end":{"line":75,"column":35}},{"start":{"line":75,"column":39},"end":{"line":75,"column":49}}],"line":75},"10":{"loc":{"start":{"line":117,"column":6},"end":{"line":117,"column":26}},"type":"if","locations":[{"start":{"line":117,"column":6},"end":{"line":117,"column":26}},{"start":{"line":117,"column":6},"end":{"line":117,"column":26}}],"line":117}},"s":{"0":1,"1":1,"2":1,"3":1,"4":1,"5":1,"6":1,"7":1,"8":1,"9":1,"10":1,"11":1,"12":1,"13":1,"14":1,"15":1,"16":1,"17":1,"18":1,"19":1,"20":1,"21":4,"22":4,"23":4,"24":2,"25":2,"26":2,"27":2,"28":2,"29":2,"30":2,"31":2,"32":2,"33":2,"34":2,"35":2,"36":1,"37":1,"38":1,"39":0,"40":1,"41":0,"42":1,"43":0,"44":1,"45":1,"46":0,"47":0,"48":4,"49":5,"50":4,"51":4,"52":1,"53":11,"54":11,"55":11,"56":11,"57":11,"58":11,"59":11,"60":0,"61":0,"62":0,"63":11,"64":11,"65":10,"66":1,"67":11,"68":1,"69":1,"70":1,"71":1},"f":{"0":1,"1":4,"2":2,"3":5,"4":11,"5":0,"6":0,"7":0,"8":11,"9":11},"b":{"0":[2,2,2,1],"1":[1,1],"2":[0,1],"3":[0,1],"4":[0,1],"5":[1,1],"6":[1,0],"7":[1,1],"8":[0,0],"9":[11,4,2],"10":[10,1]},"_coverageSchema":"332fd63041d2c1bcb487cc26dd0d5f7d97098a6c","hash":"1bfd5351321fface3dcba4da4e12472d3b10032f"}
,"/Users/testing/Projects/React-Native/react-native-matrix-demo-with-test-cases/App/Containers/RotatePictureScreen.js": {"path":"/Users/testing/Projects/React-Native/react-native-matrix-demo-with-test-cases/App/Containers/RotatePictureScreen.js","statementMap":{"0":{"start":{"line":1,"column":42},"end":{"line":1,"column":97}},"1":{"start":{"line":1,"column":128},"end":{"line":1,"column":184}},"2":{"start":{"line":1,"column":185},"end":{"line":1,"column":247}},"3":{"start":{"line":1,"column":247},"end":{"line":1,"column":272}},"4":{"start":{"line":1,"column":295},"end":{"line":1,"column":367}},"5":{"start":{"line":1,"column":388},"end":{"line":1,"column":457}},"6":{"start":{"line":1,"column":492},"end":{"line":1,"column":575}},"7":{"start":{"line":1,"column":599},"end":{"line":1,"column":671}},"8":{"start":{"line":1,"column":689},"end":{"line":1,"column":755}},"9":{"start":{"line":1,"column":769},"end":{"line":1,"column":810}},"10":{"start":{"line":2,"column":19},"end":{"line":2,"column":42}},"11":{"start":{"line":3,"column":14},"end":{"line":3,"column":69}},"12":{"start":{"line":4,"column":11},"end":{"line":4,"column":63}},"13":{"start":{"line":5,"column":32},"end":{"line":5,"column":100}},"14":{"start":{"line":5,"column":120},"end":{"line":5,"column":237}},"15":{"start":{"line":7,"column":22},"end":{"line":120,"column":56}},"16":{"start":{"line":7,"column":45},"end":{"line":7,"column":102}},"17":{"start":{"line":12,"column":49},"end":{"line":12,"column":106}},"18":{"start":{"line":13,"column":4},"end":{"line":13,"column":129}},"19":{"start":{"line":13,"column":129},"end":{"line":39,"column":6}},"20":{"start":{"line":23,"column":10},"end":{"line":23,"column":23}},"21":{"start":{"line":24,"column":6},"end":{"line":38,"column":7}},"22":{"start":{"line":25,"column":8},"end":{"line":25,"column":41}},"23":{"start":{"line":26,"column":8},"end":{"line":26,"column":44}},"24":{"start":{"line":28,"column":27},"end":{"line":29,"column":77}},"25":{"start":{"line":32,"column":8},"end":{"line":36,"column":9}},"26":{"start":{"line":33,"column":10},"end":{"line":35,"column":11}},"27":{"start":{"line":34,"column":12},"end":{"line":34,"column":69}},"28":{"start":{"line":37,"column":8},"end":{"line":37,"column":61}},"29":{"start":{"line":39,"column":6},"end":{"line":56,"column":6}},"30":{"start":{"line":42,"column":15},"end":{"line":42,"column":33}},"31":{"start":{"line":43,"column":14},"end":{"line":43,"column":27}},"32":{"start":{"line":44,"column":14},"end":{"line":44,"column":31}},"33":{"start":{"line":45,"column":14},"end":{"line":45,"column":19}},"34":{"start":{"line":46,"column":6},"end":{"line":54,"column":7}},"35":{"start":{"line":47,"column":8},"end":{"line":53,"column":9}},"36":{"start":{"line":48,"column":18},"end":{"line":48,"column":30}},"37":{"start":{"line":49,"column":10},"end":{"line":49,"column":42}},"38":{"start":{"line":50,"column":10},"end":{"line":50,"column":50}},"39":{"start":{"line":51,"column":10},"end":{"line":51,"column":50}},"40":{"start":{"line":52,"column":10},"end":{"line":52,"column":31}},"41":{"start":{"line":55,"column":6},"end":{"line":55,"column":41}},"42":{"start":{"line":56,"column":6},"end":{"line":56,"column":69}},"43":{"start":{"line":56,"column":69},"end":{"line":56,"column":82}},"44":{"start":{"line":56,"column":83},"end":{"line":120,"column":10}},"45":{"start":{"line":58,"column":18},"end":{"line":58,"column":22}},"46":{"start":{"line":59,"column":10},"end":{"line":59,"column":22}},"47":{"start":{"line":60,"column":6},"end":{"line":74,"column":82}},"48":{"start":{"line":66,"column":53},"end":{"line":66,"column":89}},"49":{"start":{"line":80,"column":6},"end":{"line":80,"column":205}},"50":{"start":{"line":84,"column":6},"end":{"line":84,"column":16}},"51":{"start":{"line":84,"column":27},"end":{"line":84,"column":46}},"52":{"start":{"line":84,"column":56},"end":{"line":84,"column":74}},"53":{"start":{"line":85,"column":6},"end":{"line":95,"column":13}},"54":{"start":{"line":88,"column":10},"end":{"line":92,"column":17}},"55":{"start":{"line":91,"column":14},"end":{"line":91,"column":163}},"56":{"start":{"line":101,"column":6},"end":{"line":105,"column":133}},"57":{"start":{"line":111,"column":16},"end":{"line":111,"column":34}},"58":{"start":{"line":112,"column":6},"end":{"line":117,"column":46}},"59":{"start":{"line":120,"column":10},"end":{"line":120,"column":37}},"60":{"start":{"line":120,"column":57},"end":{"line":120,"column":125}},"61":{"start":{"line":123,"column":0},"end":{"line":123,"column":19}},"62":{"start":{"line":123,"column":20},"end":{"line":123,"column":47}}},"fnMap":{"0":{"name":"(anonymous_0)","decl":{"start":{"line":7,"column":22},"end":{"line":7,"column":23}},"loc":{"start":{"line":7,"column":44},"end":{"line":120,"column":38}},"line":7},"1":{"name":"RotatePictureScreen","decl":{"start":{"line":12,"column":11},"end":{"line":12,"column":30}},"loc":{"start":{"line":12,"column":38},"end":{"line":56,"column":83}},"line":12},"2":{"name":"(anonymous_2)","decl":{"start":{"line":22,"column":16},"end":{"line":22,"column":17}},"loc":{"start":{"line":22,"column":28},"end":{"line":39,"column":5}},"line":22},"3":{"name":"(anonymous_3)","decl":{"start":{"line":41,"column":18},"end":{"line":41,"column":19}},"loc":{"start":{"line":41,"column":30},"end":{"line":56,"column":5}},"line":41},"4":{"name":"renderAddMatrixView","decl":{"start":{"line":56,"column":178},"end":{"line":56,"column":197}},"loc":{"start":{"line":58,"column":4},"end":{"line":78,"column":5}},"line":58},"5":{"name":"onChangeText","decl":{"start":{"line":66,"column":33},"end":{"line":66,"column":45}},"loc":{"start":{"line":66,"column":52},"end":{"line":66,"column":90}},"line":66},"6":{"name":"renderNote","decl":{"start":{"line":78,"column":46},"end":{"line":78,"column":56}},"loc":{"start":{"line":79,"column":4},"end":{"line":81,"column":5}},"line":79},"7":{"name":"renderMatrix","decl":{"start":{"line":81,"column":48},"end":{"line":81,"column":60}},"loc":{"start":{"line":83,"column":4},"end":{"line":98,"column":5}},"line":83},"8":{"name":"(anonymous_8)","decl":{"start":{"line":87,"column":19},"end":{"line":87,"column":20}},"loc":{"start":{"line":87,"column":41},"end":{"line":95,"column":9}},"line":87},"9":{"name":"(anonymous_9)","decl":{"start":{"line":90,"column":20},"end":{"line":90,"column":21}},"loc":{"start":{"line":90,"column":41},"end":{"line":92,"column":13}},"line":90},"10":{"name":"renderRotateImage","decl":{"start":{"line":98,"column":53},"end":{"line":98,"column":70}},"loc":{"start":{"line":100,"column":4},"end":{"line":108,"column":5}},"line":100},"11":{"name":"render","decl":{"start":{"line":108,"column":42},"end":{"line":108,"column":48}},"loc":{"start":{"line":110,"column":4},"end":{"line":120,"column":5}},"line":110}},"branchMap":{"0":{"loc":{"start":{"line":24,"column":6},"end":{"line":38,"column":7}},"type":"if","locations":[{"start":{"line":24,"column":6},"end":{"line":38,"column":7}},{"start":{"line":24,"column":6},"end":{"line":38,"column":7}}],"line":24},"1":{"loc":{"start":{"line":24,"column":10},"end":{"line":24,"column":27}},"type":"binary-expr","locations":[{"start":{"line":24,"column":10},"end":{"line":24,"column":18}},{"start":{"line":24,"column":22},"end":{"line":24,"column":27}}],"line":24},"2":{"loc":{"start":{"line":116,"column":8},"end":{"line":116,"column":38}},"type":"binary-expr","locations":[{"start":{"line":116,"column":8},"end":{"line":116,"column":15}},{"start":{"line":116,"column":19},"end":{"line":116,"column":38}}],"line":116},"3":{"loc":{"start":{"line":117,"column":8},"end":{"line":117,"column":43}},"type":"binary-expr","locations":[{"start":{"line":117,"column":8},"end":{"line":117,"column":15}},{"start":{"line":117,"column":19},"end":{"line":117,"column":43}}],"line":117}},"s":{"0":1,"1":1,"2":1,"3":1,"4":1,"5":1,"6":1,"7":1,"8":1,"9":1,"10":1,"11":1,"12":1,"13":1,"14":1,"15":1,"16":1,"17":5,"18":5,"19":5,"20":3,"21":3,"22":1,"23":1,"24":2,"25":2,"26":6,"27":18,"28":2,"29":5,"30":1,"31":1,"32":1,"33":1,"34":1,"35":1,"36":2,"37":2,"38":2,"39":2,"40":2,"41":1,"42":5,"43":5,"44":1,"45":12,"46":12,"47":12,"48":0,"49":12,"50":3,"51":3,"52":3,"53":3,"54":9,"55":27,"56":3,"57":12,"58":12,"59":1,"60":1,"61":1,"62":1},"f":{"0":1,"1":5,"2":3,"3":1,"4":12,"5":0,"6":12,"7":3,"8":9,"9":27,"10":3,"11":12},"b":{"0":[1,2],"1":[3,3],"2":[12,3],"3":[12,3]},"_coverageSchema":"332fd63041d2c1bcb487cc26dd0d5f7d97098a6c","hash":"3690e65282f6251a38e8577d5ee16f97ccfcfae8"}
,"/Users/testing/Projects/React-Native/react-native-matrix-demo-with-test-cases/App/Containers/Styles/HomeScreenStyles.js": {"path":"/Users/testing/Projects/React-Native/react-native-matrix-demo-with-test-cases/App/Containers/Styles/HomeScreenStyles.js","statementMap":{"0":{"start":{"line":1,"column":42},"end":{"line":1,"column":97}},"1":{"start":{"line":1,"column":98},"end":{"line":1,"column":160}},"2":{"start":{"line":1,"column":160},"end":{"line":1,"column":185}},"3":{"start":{"line":1,"column":208},"end":{"line":1,"column":280}},"4":{"start":{"line":1,"column":300},"end":{"line":1,"column":323}},"5":{"start":{"line":2,"column":14},"end":{"line":2,"column":37}},"6":{"start":{"line":2,"column":91},"end":{"line":2,"column":110}},"7":{"start":{"line":2,"column":111},"end":{"line":2,"column":356}},"8":{"start":{"line":2,"column":160},"end":{"line":2,"column":196}},"9":{"start":{"line":2,"column":197},"end":{"line":2,"column":324}},"10":{"start":{"line":2,"column":217},"end":{"line":2,"column":324}},"11":{"start":{"line":2,"column":258},"end":{"line":2,"column":321}},"12":{"start":{"line":2,"column":324},"end":{"line":2,"column":355}},"13":{"start":{"line":2,"column":356},"end":{"line":2,"column":368}},"14":{"start":{"line":2,"column":401},"end":{"line":2,"column":870}},"15":{"start":{"line":2,"column":458},"end":{"line":2,"column":498}},"16":{"start":{"line":2,"column":499},"end":{"line":2,"column":869}},"17":{"start":{"line":2,"column":511},"end":{"line":2,"column":616}},"18":{"start":{"line":2,"column":557},"end":{"line":2,"column":613}},"19":{"start":{"line":2,"column":623},"end":{"line":2,"column":869}},"20":{"start":{"line":2,"column":662},"end":{"line":2,"column":736}},"21":{"start":{"line":2,"column":744},"end":{"line":2,"column":868}},"22":{"start":{"line":2,"column":784},"end":{"line":2,"column":865}},"23":{"start":{"line":2,"column":870},"end":{"line":2,"column":884}},"24":{"start":{"line":4,"column":0},"end":{"line":9,"column":30}},"25":{"start":{"line":9,"column":31},"end":{"line":9,"column":58}}},"fnMap":{"0":{"name":"ownKeys","decl":{"start":{"line":2,"column":47},"end":{"line":2,"column":54}},"loc":{"start":{"line":2,"column":79},"end":{"line":2,"column":369}},"line":2},"1":{"name":"(anonymous_1)","decl":{"start":{"line":2,"column":242},"end":{"line":2,"column":243}},"loc":{"start":{"line":2,"column":257},"end":{"line":2,"column":322}},"line":2},"2":{"name":"_objectSpread","decl":{"start":{"line":2,"column":378},"end":{"line":2,"column":391}},"loc":{"start":{"line":2,"column":400},"end":{"line":2,"column":885}},"line":2},"3":{"name":"(anonymous_3)","decl":{"start":{"line":2,"column":541},"end":{"line":2,"column":542}},"loc":{"start":{"line":2,"column":556},"end":{"line":2,"column":614}},"line":2},"4":{"name":"(anonymous_4)","decl":{"start":{"line":2,"column":768},"end":{"line":2,"column":769}},"loc":{"start":{"line":2,"column":783},"end":{"line":2,"column":866}},"line":2}},"branchMap":{"0":{"loc":{"start":{"line":2,"column":111},"end":{"line":2,"column":356}},"type":"if","locations":[{"start":{"line":2,"column":111},"end":{"line":2,"column":356}},{"start":{"line":2,"column":111},"end":{"line":2,"column":356}}],"line":2},"1":{"loc":{"start":{"line":2,"column":197},"end":{"line":2,"column":324}},"type":"if","locations":[{"start":{"line":2,"column":197},"end":{"line":2,"column":324}},{"start":{"line":2,"column":197},"end":{"line":2,"column":324}}],"line":2},"2":{"loc":{"start":{"line":2,"column":458},"end":{"line":2,"column":498}},"type":"cond-expr","locations":[{"start":{"line":2,"column":481},"end":{"line":2,"column":493}},{"start":{"line":2,"column":496},"end":{"line":2,"column":498}}],"line":2},"3":{"loc":{"start":{"line":2,"column":499},"end":{"line":2,"column":869}},"type":"if","locations":[{"start":{"line":2,"column":499},"end":{"line":2,"column":869}},{"start":{"line":2,"column":499},"end":{"line":2,"column":869}}],"line":2},"4":{"loc":{"start":{"line":2,"column":623},"end":{"line":2,"column":869}},"type":"if","locations":[{"start":{"line":2,"column":623},"end":{"line":2,"column":869}},{"start":{"line":2,"column":623},"end":{"line":2,"column":869}}],"line":2}},"s":{"0":1,"1":1,"2":1,"3":1,"4":1,"5":1,"6":1,"7":1,"8":1,"9":1,"10":1,"11":0,"12":1,"13":1,"14":1,"15":2,"16":2,"17":1,"18":7,"19":1,"20":1,"21":0,"22":0,"23":1,"24":1,"25":1},"f":{"0":1,"1":0,"2":1,"3":7,"4":0},"b":{"0":[1,0],"1":[1,0],"2":[2,0],"3":[1,1],"4":[1,0]},"_coverageSchema":"332fd63041d2c1bcb487cc26dd0d5f7d97098a6c","hash":"4f93693df91a285d19330c78846075c64b4f4946"}
,"/Users/testing/Projects/React-Native/react-native-matrix-demo-with-test-cases/App/Containers/Styles/ProductRecommendationScreenStyle.js": {"path":"/Users/testing/Projects/React-Native/react-native-matrix-demo-with-test-cases/App/Containers/Styles/ProductRecommendationScreenStyle.js","statementMap":{"0":{"start":{"line":1,"column":42},"end":{"line":1,"column":97}},"1":{"start":{"line":1,"column":98},"end":{"line":1,"column":160}},"2":{"start":{"line":1,"column":160},"end":{"line":1,"column":185}},"3":{"start":{"line":1,"column":208},"end":{"line":1,"column":280}},"4":{"start":{"line":1,"column":300},"end":{"line":1,"column":323}},"5":{"start":{"line":2,"column":14},"end":{"line":2,"column":38}},"6":{"start":{"line":2,"column":92},"end":{"line":2,"column":111}},"7":{"start":{"line":2,"column":112},"end":{"line":2,"column":357}},"8":{"start":{"line":2,"column":161},"end":{"line":2,"column":197}},"9":{"start":{"line":2,"column":198},"end":{"line":2,"column":325}},"10":{"start":{"line":2,"column":218},"end":{"line":2,"column":325}},"11":{"start":{"line":2,"column":259},"end":{"line":2,"column":322}},"12":{"start":{"line":2,"column":325},"end":{"line":2,"column":356}},"13":{"start":{"line":2,"column":357},"end":{"line":2,"column":369}},"14":{"start":{"line":2,"column":402},"end":{"line":2,"column":871}},"15":{"start":{"line":2,"column":459},"end":{"line":2,"column":499}},"16":{"start":{"line":2,"column":500},"end":{"line":2,"column":870}},"17":{"start":{"line":2,"column":512},"end":{"line":2,"column":617}},"18":{"start":{"line":2,"column":558},"end":{"line":2,"column":614}},"19":{"start":{"line":2,"column":624},"end":{"line":2,"column":870}},"20":{"start":{"line":2,"column":663},"end":{"line":2,"column":737}},"21":{"start":{"line":2,"column":745},"end":{"line":2,"column":869}},"22":{"start":{"line":2,"column":785},"end":{"line":2,"column":866}},"23":{"start":{"line":2,"column":871},"end":{"line":2,"column":885}},"24":{"start":{"line":4,"column":0},"end":{"line":17,"column":27}},"25":{"start":{"line":17,"column":28},"end":{"line":17,"column":55}}},"fnMap":{"0":{"name":"ownKeys","decl":{"start":{"line":2,"column":48},"end":{"line":2,"column":55}},"loc":{"start":{"line":2,"column":80},"end":{"line":2,"column":370}},"line":2},"1":{"name":"(anonymous_1)","decl":{"start":{"line":2,"column":243},"end":{"line":2,"column":244}},"loc":{"start":{"line":2,"column":258},"end":{"line":2,"column":323}},"line":2},"2":{"name":"_objectSpread","decl":{"start":{"line":2,"column":379},"end":{"line":2,"column":392}},"loc":{"start":{"line":2,"column":401},"end":{"line":2,"column":886}},"line":2},"3":{"name":"(anonymous_3)","decl":{"start":{"line":2,"column":542},"end":{"line":2,"column":543}},"loc":{"start":{"line":2,"column":557},"end":{"line":2,"column":615}},"line":2},"4":{"name":"(anonymous_4)","decl":{"start":{"line":2,"column":769},"end":{"line":2,"column":770}},"loc":{"start":{"line":2,"column":784},"end":{"line":2,"column":867}},"line":2}},"branchMap":{"0":{"loc":{"start":{"line":2,"column":112},"end":{"line":2,"column":357}},"type":"if","locations":[{"start":{"line":2,"column":112},"end":{"line":2,"column":357}},{"start":{"line":2,"column":112},"end":{"line":2,"column":357}}],"line":2},"1":{"loc":{"start":{"line":2,"column":198},"end":{"line":2,"column":325}},"type":"if","locations":[{"start":{"line":2,"column":198},"end":{"line":2,"column":325}},{"start":{"line":2,"column":198},"end":{"line":2,"column":325}}],"line":2},"2":{"loc":{"start":{"line":2,"column":459},"end":{"line":2,"column":499}},"type":"cond-expr","locations":[{"start":{"line":2,"column":482},"end":{"line":2,"column":494}},{"start":{"line":2,"column":497},"end":{"line":2,"column":499}}],"line":2},"3":{"loc":{"start":{"line":2,"column":500},"end":{"line":2,"column":870}},"type":"if","locations":[{"start":{"line":2,"column":500},"end":{"line":2,"column":870}},{"start":{"line":2,"column":500},"end":{"line":2,"column":870}}],"line":2},"4":{"loc":{"start":{"line":2,"column":624},"end":{"line":2,"column":870}},"type":"if","locations":[{"start":{"line":2,"column":624},"end":{"line":2,"column":870}},{"start":{"line":2,"column":624},"end":{"line":2,"column":870}}],"line":2}},"s":{"0":1,"1":1,"2":1,"3":1,"4":1,"5":1,"6":1,"7":1,"8":1,"9":1,"10":1,"11":0,"12":1,"13":1,"14":1,"15":2,"16":2,"17":1,"18":7,"19":1,"20":1,"21":0,"22":0,"23":1,"24":1,"25":1},"f":{"0":1,"1":0,"2":1,"3":7,"4":0},"b":{"0":[1,0],"1":[1,0],"2":[2,0],"3":[1,1],"4":[1,0]},"_coverageSchema":"332fd63041d2c1bcb487cc26dd0d5f7d97098a6c","hash":"1664dc9ae20249a5ac8ab93a94a62391629cce98"}
,"/Users/testing/Projects/React-Native/react-native-matrix-demo-with-test-cases/App/Containers/Styles/RotatePictureScreenStyle.js": {"path":"/Users/testing/Projects/React-Native/react-native-matrix-demo-with-test-cases/App/Containers/Styles/RotatePictureScreenStyle.js","statementMap":{"0":{"start":{"line":1,"column":42},"end":{"line":1,"column":97}},"1":{"start":{"line":1,"column":98},"end":{"line":1,"column":160}},"2":{"start":{"line":1,"column":160},"end":{"line":1,"column":185}},"3":{"start":{"line":1,"column":208},"end":{"line":1,"column":280}},"4":{"start":{"line":1,"column":300},"end":{"line":1,"column":323}},"5":{"start":{"line":2,"column":14},"end":{"line":2,"column":38}},"6":{"start":{"line":2,"column":92},"end":{"line":2,"column":111}},"7":{"start":{"line":2,"column":112},"end":{"line":2,"column":357}},"8":{"start":{"line":2,"column":161},"end":{"line":2,"column":197}},"9":{"start":{"line":2,"column":198},"end":{"line":2,"column":325}},"10":{"start":{"line":2,"column":218},"end":{"line":2,"column":325}},"11":{"start":{"line":2,"column":259},"end":{"line":2,"column":322}},"12":{"start":{"line":2,"column":325},"end":{"line":2,"column":356}},"13":{"start":{"line":2,"column":357},"end":{"line":2,"column":369}},"14":{"start":{"line":2,"column":402},"end":{"line":2,"column":871}},"15":{"start":{"line":2,"column":459},"end":{"line":2,"column":499}},"16":{"start":{"line":2,"column":500},"end":{"line":2,"column":870}},"17":{"start":{"line":2,"column":512},"end":{"line":2,"column":617}},"18":{"start":{"line":2,"column":558},"end":{"line":2,"column":614}},"19":{"start":{"line":2,"column":624},"end":{"line":2,"column":870}},"20":{"start":{"line":2,"column":663},"end":{"line":2,"column":737}},"21":{"start":{"line":2,"column":745},"end":{"line":2,"column":869}},"22":{"start":{"line":2,"column":785},"end":{"line":2,"column":866}},"23":{"start":{"line":2,"column":871},"end":{"line":2,"column":885}},"24":{"start":{"line":4,"column":0},"end":{"line":45,"column":29}},"25":{"start":{"line":45,"column":30},"end":{"line":45,"column":57}}},"fnMap":{"0":{"name":"ownKeys","decl":{"start":{"line":2,"column":48},"end":{"line":2,"column":55}},"loc":{"start":{"line":2,"column":80},"end":{"line":2,"column":370}},"line":2},"1":{"name":"(anonymous_1)","decl":{"start":{"line":2,"column":243},"end":{"line":2,"column":244}},"loc":{"start":{"line":2,"column":258},"end":{"line":2,"column":323}},"line":2},"2":{"name":"_objectSpread","decl":{"start":{"line":2,"column":379},"end":{"line":2,"column":392}},"loc":{"start":{"line":2,"column":401},"end":{"line":2,"column":886}},"line":2},"3":{"name":"(anonymous_3)","decl":{"start":{"line":2,"column":542},"end":{"line":2,"column":543}},"loc":{"start":{"line":2,"column":557},"end":{"line":2,"column":615}},"line":2},"4":{"name":"(anonymous_4)","decl":{"start":{"line":2,"column":769},"end":{"line":2,"column":770}},"loc":{"start":{"line":2,"column":784},"end":{"line":2,"column":867}},"line":2}},"branchMap":{"0":{"loc":{"start":{"line":2,"column":112},"end":{"line":2,"column":357}},"type":"if","locations":[{"start":{"line":2,"column":112},"end":{"line":2,"column":357}},{"start":{"line":2,"column":112},"end":{"line":2,"column":357}}],"line":2},"1":{"loc":{"start":{"line":2,"column":198},"end":{"line":2,"column":325}},"type":"if","locations":[{"start":{"line":2,"column":198},"end":{"line":2,"column":325}},{"start":{"line":2,"column":198},"end":{"line":2,"column":325}}],"line":2},"2":{"loc":{"start":{"line":2,"column":459},"end":{"line":2,"column":499}},"type":"cond-expr","locations":[{"start":{"line":2,"column":482},"end":{"line":2,"column":494}},{"start":{"line":2,"column":497},"end":{"line":2,"column":499}}],"line":2},"3":{"loc":{"start":{"line":2,"column":500},"end":{"line":2,"column":870}},"type":"if","locations":[{"start":{"line":2,"column":500},"end":{"line":2,"column":870}},{"start":{"line":2,"column":500},"end":{"line":2,"column":870}}],"line":2},"4":{"loc":{"start":{"line":2,"column":624},"end":{"line":2,"column":870}},"type":"if","locations":[{"start":{"line":2,"column":624},"end":{"line":2,"column":870}},{"start":{"line":2,"column":624},"end":{"line":2,"column":870}}],"line":2}},"s":{"0":1,"1":1,"2":1,"3":1,"4":1,"5":1,"6":1,"7":1,"8":1,"9":1,"10":1,"11":0,"12":1,"13":1,"14":1,"15":2,"16":2,"17":1,"18":7,"19":1,"20":1,"21":0,"22":0,"23":1,"24":1,"25":1},"f":{"0":1,"1":0,"2":1,"3":7,"4":0},"b":{"0":[1,0],"1":[1,0],"2":[2,0],"3":[1,1],"4":[1,0]},"_coverageSchema":"332fd63041d2c1bcb487cc26dd0d5f7d97098a6c","hash":"3a4e2fe0944a5503b9c880803c7e66a37631b9ee"}
,"/Users/testing/Projects/React-Native/react-native-matrix-demo-with-test-cases/App/Images/checked.png": {"path":"/Users/testing/Projects/React-Native/react-native-matrix-demo-with-test-cases/App/Images/checked.png","statementMap":{"0":{"start":{"line":1,"column":0},"end":{"line":4,"column":6}}},"fnMap":{},"branchMap":{},"s":{"0":5},"f":{},"b":{},"_coverageSchema":"332fd63041d2c1bcb487cc26dd0d5f7d97098a6c","hash":"47499d2e57de63115270249e72ab504a3cffda46"}
,"/Users/testing/Projects/React-Native/react-native-matrix-demo-with-test-cases/App/Images/launch-icon.png": {"path":"/Users/testing/Projects/React-Native/react-native-matrix-demo-with-test-cases/App/Images/launch-icon.png","statementMap":{"0":{"start":{"line":1,"column":0},"end":{"line":4,"column":6}}},"fnMap":{},"branchMap":{},"s":{"0":5},"f":{},"b":{},"_coverageSchema":"332fd63041d2c1bcb487cc26dd0d5f7d97098a6c","hash":"2c2e825da902081da8347a8d38654dac43a39748"}
,"/Users/testing/Projects/React-Native/react-native-matrix-demo-with-test-cases/App/Images/unchecked.png": {"path":"/Users/testing/Projects/React-Native/react-native-matrix-demo-with-test-cases/App/Images/unchecked.png","statementMap":{"0":{"start":{"line":1,"column":0},"end":{"line":4,"column":6}}},"fnMap":{},"branchMap":{},"s":{"0":5},"f":{},"b":{},"_coverageSchema":"332fd63041d2c1bcb487cc26dd0d5f7d97098a6c","hash":"afe9a0808c33eef6806841d88212eafff45d8bfe"}
,"/Users/testing/Projects/React-Native/react-native-matrix-demo-with-test-cases/App/Themes/ApplicationStyles.js": {"path":"/Users/testing/Projects/React-Native/react-native-matrix-demo-with-test-cases/App/Themes/ApplicationStyles.js","statementMap":{"0":{"start":{"line":1,"column":42},"end":{"line":1,"column":97}},"1":{"start":{"line":1,"column":98},"end":{"line":1,"column":160}},"2":{"start":{"line":1,"column":160},"end":{"line":1,"column":185}},"3":{"start":{"line":1,"column":208},"end":{"line":1,"column":280}},"4":{"start":{"line":1,"column":294},"end":{"line":1,"column":336}},"5":{"start":{"line":2,"column":15},"end":{"line":2,"column":59}},"6":{"start":{"line":3,"column":14},"end":{"line":3,"column":57}},"7":{"start":{"line":3,"column":111},"end":{"line":3,"column":130}},"8":{"start":{"line":3,"column":131},"end":{"line":3,"column":376}},"9":{"start":{"line":3,"column":180},"end":{"line":3,"column":216}},"10":{"start":{"line":3,"column":217},"end":{"line":3,"column":344}},"11":{"start":{"line":3,"column":237},"end":{"line":3,"column":344}},"12":{"start":{"line":3,"column":278},"end":{"line":3,"column":341}},"13":{"start":{"line":3,"column":344},"end":{"line":3,"column":375}},"14":{"start":{"line":3,"column":376},"end":{"line":3,"column":388}},"15":{"start":{"line":3,"column":421},"end":{"line":3,"column":890}},"16":{"start":{"line":3,"column":478},"end":{"line":3,"column":518}},"17":{"start":{"line":3,"column":519},"end":{"line":3,"column":889}},"18":{"start":{"line":3,"column":531},"end":{"line":3,"column":636}},"19":{"start":{"line":3,"column":577},"end":{"line":3,"column":633}},"20":{"start":{"line":3,"column":643},"end":{"line":3,"column":889}},"21":{"start":{"line":3,"column":682},"end":{"line":3,"column":756}},"22":{"start":{"line":3,"column":764},"end":{"line":3,"column":888}},"23":{"start":{"line":3,"column":804},"end":{"line":3,"column":885}},"24":{"start":{"line":3,"column":890},"end":{"line":3,"column":904}},"25":{"start":{"line":8,"column":24},"end":{"line":77,"column":28}},"26":{"start":{"line":81,"column":0},"end":{"line":81,"column":17}},"27":{"start":{"line":81,"column":18},"end":{"line":81,"column":45}}},"fnMap":{"0":{"name":"ownKeys","decl":{"start":{"line":3,"column":67},"end":{"line":3,"column":74}},"loc":{"start":{"line":3,"column":99},"end":{"line":3,"column":389}},"line":3},"1":{"name":"(anonymous_1)","decl":{"start":{"line":3,"column":262},"end":{"line":3,"column":263}},"loc":{"start":{"line":3,"column":277},"end":{"line":3,"column":342}},"line":3},"2":{"name":"_objectSpread","decl":{"start":{"line":3,"column":398},"end":{"line":3,"column":411}},"loc":{"start":{"line":3,"column":420},"end":{"line":3,"column":905}},"line":3},"3":{"name":"(anonymous_3)","decl":{"start":{"line":3,"column":561},"end":{"line":3,"column":562}},"loc":{"start":{"line":3,"column":576},"end":{"line":3,"column":634}},"line":3},"4":{"name":"(anonymous_4)","decl":{"start":{"line":3,"column":788},"end":{"line":3,"column":789}},"loc":{"start":{"line":3,"column":803},"end":{"line":3,"column":886}},"line":3}},"branchMap":{"0":{"loc":{"start":{"line":3,"column":131},"end":{"line":3,"column":376}},"type":"if","locations":[{"start":{"line":3,"column":131},"end":{"line":3,"column":376}},{"start":{"line":3,"column":131},"end":{"line":3,"column":376}}],"line":3},"1":{"loc":{"start":{"line":3,"column":217},"end":{"line":3,"column":344}},"type":"if","locations":[{"start":{"line":3,"column":217},"end":{"line":3,"column":344}},{"start":{"line":3,"column":217},"end":{"line":3,"column":344}}],"line":3},"2":{"loc":{"start":{"line":3,"column":478},"end":{"line":3,"column":518}},"type":"cond-expr","locations":[{"start":{"line":3,"column":501},"end":{"line":3,"column":513}},{"start":{"line":3,"column":516},"end":{"line":3,"column":518}}],"line":3},"3":{"loc":{"start":{"line":3,"column":519},"end":{"line":3,"column":889}},"type":"if","locations":[{"start":{"line":3,"column":519},"end":{"line":3,"column":889}},{"start":{"line":3,"column":519},"end":{"line":3,"column":889}}],"line":3},"4":{"loc":{"start":{"line":3,"column":643},"end":{"line":3,"column":889}},"type":"if","locations":[{"start":{"line":3,"column":643},"end":{"line":3,"column":889}},{"start":{"line":3,"column":643},"end":{"line":3,"column":889}}],"line":3}},"s":{"0":5,"1":5,"2":5,"3":5,"4":5,"5":5,"6":5,"7":15,"8":15,"9":15,"10":15,"11":15,"12":0,"13":15,"14":15,"15":15,"16":30,"17":30,"18":15,"19":30,"20":15,"21":15,"22":0,"23":0,"24":15,"25":5,"26":5,"27":5},"f":{"0":15,"1":0,"2":15,"3":30,"4":0},"b":{"0":[15,0],"1":[15,0],"2":[30,0],"3":[15,15],"4":[15,0]},"_coverageSchema":"332fd63041d2c1bcb487cc26dd0d5f7d97098a6c","hash":"f9022ee9142ad780b2612d02442f9234b297fdf2"}
,"/Users/testing/Projects/React-Native/react-native-matrix-demo-with-test-cases/App/Themes/Colors.js": {"path":"/Users/testing/Projects/React-Native/react-native-matrix-demo-with-test-cases/App/Themes/Colors.js","statementMap":{"0":{"start":{"line":1,"column":13},"end":{"line":1,"column":75}},"1":{"start":{"line":1,"column":75},"end":{"line":1,"column":100}},"2":{"start":{"line":1,"column":113},"end":{"line":25,"column":19}},"3":{"start":{"line":28,"column":0},"end":{"line":28,"column":6}},"4":{"start":{"line":28,"column":7},"end":{"line":28,"column":34}}},"fnMap":{},"branchMap":{},"s":{"0":5,"1":5,"2":5,"3":5,"4":5},"f":{},"b":{},"_coverageSchema":"332fd63041d2c1bcb487cc26dd0d5f7d97098a6c","hash":"2530275d6efda7b77bc60cd92f8ef5998bbc8902"}
,"/Users/testing/Projects/React-Native/react-native-matrix-demo-with-test-cases/App/Themes/Fonts.js": {"path":"/Users/testing/Projects/React-Native/react-native-matrix-demo-with-test-cases/App/Themes/Fonts.js","statementMap":{"0":{"start":{"line":1,"column":13},"end":{"line":1,"column":75}},"1":{"start":{"line":1,"column":75},"end":{"line":1,"column":100}},"2":{"start":{"line":1,"column":111},"end":{"line":4,"column":36}},"3":{"start":{"line":7,"column":11},"end":{"line":18,"column":13}},"4":{"start":{"line":21,"column":12},"end":{"line":52,"column":29}},"5":{"start":{"line":56,"column":0},"end":{"line":59,"column":16}},"6":{"start":{"line":59,"column":17},"end":{"line":59,"column":44}}},"fnMap":{},"branchMap":{},"s":{"0":5,"1":5,"2":5,"3":5,"4":5,"5":5,"6":5},"f":{},"b":{},"_coverageSchema":"332fd63041d2c1bcb487cc26dd0d5f7d97098a6c","hash":"1d919a97dd0c03e37ab0956ab98d47ab512fad10"}
,"/Users/testing/Projects/React-Native/react-native-matrix-demo-with-test-cases/App/Themes/Images.js": {"path":"/Users/testing/Projects/React-Native/react-native-matrix-demo-with-test-cases/App/Themes/Images.js","statementMap":{"0":{"start":{"line":1,"column":13},"end":{"line":1,"column":75}},"1":{"start":{"line":1,"column":75},"end":{"line":1,"column":100}},"2":{"start":{"line":2,"column":13},"end":{"line":5,"column":49}},"3":{"start":{"line":8,"column":0},"end":{"line":8,"column":6}},"4":{"start":{"line":8,"column":7},"end":{"line":8,"column":34}}},"fnMap":{},"branchMap":{},"s":{"0":5,"1":5,"2":5,"3":5,"4":5},"f":{},"b":{},"_coverageSchema":"332fd63041d2c1bcb487cc26dd0d5f7d97098a6c","hash":"a58514321b23141a541f493d59d63c402c12b40f"}
,"/Users/testing/Projects/React-Native/react-native-matrix-demo-with-test-cases/App/Themes/Metrics.js": {"path":"/Users/testing/Projects/React-Native/react-native-matrix-demo-with-test-cases/App/Themes/Metrics.js","statementMap":{"0":{"start":{"line":1,"column":13},"end":{"line":1,"column":75}},"1":{"start":{"line":1,"column":75},"end":{"line":1,"column":100}},"2":{"start":{"line":1,"column":119},"end":{"line":1,"column":142}},"3":{"start":{"line":3,"column":0},"end":{"line":3,"column":37}},"4":{"start":{"line":3,"column":46},"end":{"line":3,"column":67}},"5":{"start":{"line":3,"column":77},"end":{"line":3,"column":99}},"6":{"start":{"line":6,"column":14},"end":{"line":30,"column":17}},"7":{"start":{"line":34,"column":0},"end":{"line":34,"column":7}},"8":{"start":{"line":34,"column":8},"end":{"line":34,"column":35}}},"fnMap":{},"branchMap":{"0":{"loc":{"start":{"line":15,"column":15},"end":{"line":15,"column":46}},"type":"cond-expr","locations":[{"start":{"line":15,"column":32},"end":{"line":15,"column":37}},{"start":{"line":15,"column":40},"end":{"line":15,"column":46}}],"line":15},"1":{"loc":{"start":{"line":16,"column":16},"end":{"line":16,"column":47}},"type":"cond-expr","locations":[{"start":{"line":16,"column":33},"end":{"line":16,"column":39}},{"start":{"line":16,"column":42},"end":{"line":16,"column":47}}],"line":16},"2":{"loc":{"start":{"line":17,"column":16},"end":{"line":17,"column":60}},"type":"cond-expr","locations":[{"start":{"line":17,"column":53},"end":{"line":17,"column":55}},{"start":{"line":17,"column":58},"end":{"line":17,"column":60}}],"line":17}},"s":{"0":5,"1":5,"2":5,"3":5,"4":5,"5":5,"6":5,"7":5,"8":5},"f":{},"b":{"0":[5,0],"1":[5,0],"2":[5,0]},"_coverageSchema":"332fd63041d2c1bcb487cc26dd0d5f7d97098a6c","hash":"646e77855174bd5beab5222493862adf431dd6ff"}
,"/Users/testing/Projects/React-Native/react-native-matrix-demo-with-test-cases/App/Themes/index.js": {"path":"/Users/testing/Projects/React-Native/react-native-matrix-demo-with-test-cases/App/Themes/index.js","statementMap":{"0":{"start":{"line":1,"column":42},"end":{"line":1,"column":97}},"1":{"start":{"line":1,"column":98},"end":{"line":1,"column":160}},"2":{"start":{"line":1,"column":160},"end":{"line":1,"column":270}},"3":{"start":{"line":1,"column":242},"end":{"line":1,"column":265}},"4":{"start":{"line":1,"column":270},"end":{"line":1,"column":378}},"5":{"start":{"line":1,"column":351},"end":{"line":1,"column":373}},"6":{"start":{"line":1,"column":378},"end":{"line":1,"column":490}},"7":{"start":{"line":1,"column":461},"end":{"line":1,"column":485}},"8":{"start":{"line":1,"column":490},"end":{"line":1,"column":600}},"9":{"start":{"line":1,"column":572},"end":{"line":1,"column":595}},"10":{"start":{"line":1,"column":600},"end":{"line":1,"column":732}},"11":{"start":{"line":1,"column":693},"end":{"line":1,"column":727}},"12":{"start":{"line":1,"column":746},"end":{"line":1,"column":789}},"13":{"start":{"line":2,"column":13},"end":{"line":2,"column":55}},"14":{"start":{"line":3,"column":15},"end":{"line":3,"column":59}},"15":{"start":{"line":4,"column":14},"end":{"line":4,"column":57}},"16":{"start":{"line":5,"column":25},"end":{"line":5,"column":79}}},"fnMap":{"0":{"name":"get","decl":{"start":{"line":1,"column":235},"end":{"line":1,"column":238}},"loc":{"start":{"line":1,"column":241},"end":{"line":1,"column":266}},"line":1},"1":{"name":"get","decl":{"start":{"line":1,"column":344},"end":{"line":1,"column":347}},"loc":{"start":{"line":1,"column":350},"end":{"line":1,"column":374}},"line":1},"2":{"name":"get","decl":{"start":{"line":1,"column":454},"end":{"line":1,"column":457}},"loc":{"start":{"line":1,"column":460},"end":{"line":1,"column":486}},"line":1},"3":{"name":"get","decl":{"start":{"line":1,"column":565},"end":{"line":1,"column":568}},"loc":{"start":{"line":1,"column":571},"end":{"line":1,"column":596}},"line":1},"4":{"name":"get","decl":{"start":{"line":1,"column":686},"end":{"line":1,"column":689}},"loc":{"start":{"line":1,"column":692},"end":{"line":1,"column":728}},"line":1}},"branchMap":{},"s":{"0":5,"1":5,"2":5,"3":12,"4":5,"5":0,"6":5,"7":0,"8":5,"9":0,"10":5,"11":3,"12":5,"13":5,"14":5,"15":5,"16":5},"f":{"0":12,"1":0,"2":0,"3":0,"4":3},"b":{},"_coverageSchema":"332fd63041d2c1bcb487cc26dd0d5f7d97098a6c","hash":"b602da1096ac1cfaabf66fc6c1ddb0c8ed9965ed"}
}
