TN:
SF:/Users/testing/Projects/React-Native/react-native-matrix-demo-with-test-cases/App/Components/Box.js
FN:6,Box
FNF:1
FNH:1
FNDA:1,Box
DA:1,2
DA:3,2
DA:4,2
DA:6,2
DA:7,1
DA:8,1
DA:24,2
LF:7
LH:7
BRF:0
BRH:0
end_of_record
TN:
SF:/Users/testing/Projects/React-Native/react-native-matrix-demo-with-test-cases/App/Components/Button.js
FN:6,Button
FN:11,onPress
FNF:2
FNH:2
FNDA:4,Button
FNDA:1,onPress
DA:1,4
DA:3,4
DA:4,4
DA:6,4
DA:7,4
DA:8,4
DA:11,1
DA:18,4
LF:8
LH:8
BRF:0
BRH:0
end_of_record
TN:
SF:/Users/testing/Projects/React-Native/react-native-matrix-demo-with-test-cases/App/Components/Styles/BoxStyle.js
FNF:0
FNH:0
DA:1,2
DA:2,2
DA:4,2
DA:15,2
LF:4
LH:4
BRF:0
BRH:0
end_of_record
TN:
SF:/Users/testing/Projects/React-Native/react-native-matrix-demo-with-test-cases/App/Components/Styles/ButtonStyle.js
FNF:0
FNH:0
DA:1,4
DA:2,4
DA:4,4
DA:18,4
LF:4
LH:4
BRF:0
BRH:0
end_of_record
TN:
SF:/Users/testing/Projects/React-Native/react-native-matrix-demo-with-test-cases/App/Containers/HomeScreen.js
FN:7,(anonymous_0)
FN:12,HomeScreen
FN:16,(anonymous_2)
FN:20,(anonymous_3)
FN:22,render
FNF:5
FNH:3
FNDA:1,(anonymous_0)
FNDA:1,HomeScreen
FNDA:0,(anonymous_2)
FNDA:0,(anonymous_3)
FNDA:1,render
DA:1,1
DA:2,1
DA:5,1
DA:6,1
DA:7,1
DA:12,1
DA:13,1
DA:17,0
DA:18,1
DA:21,0
DA:22,1
DA:25,1
DA:34,1
DA:37,1
LF:14
LH:12
BRF:0
BRH:0
end_of_record
TN:
SF:/Users/testing/Projects/React-Native/react-native-matrix-demo-with-test-cases/App/Containers/ProductRecommendationScreen.js
FN:17,(anonymous_0)
FN:22,ProductRecommendationScreen
FN:33,(anonymous_2)
FN:69,(anonymous_3)
FN:71,renderForm
FN:82,onChangeText
FN:94,onPress
FN:102,onChangeText
FN:113,renderOutput
FN:126,render
FNF:10
FNH:7
FNDA:1,(anonymous_0)
FNDA:4,ProductRecommendationScreen
FNDA:2,(anonymous_2)
FNDA:5,(anonymous_3)
FNDA:11,renderForm
FNDA:0,onChangeText
FNDA:0,onPress
FNDA:0,onChangeText
FNDA:11,renderOutput
FNDA:11,render
DA:1,1
DA:2,1
DA:3,1
DA:4,1
DA:5,1
DA:6,1
DA:11,1
DA:12,1
DA:17,1
DA:22,4
DA:23,4
DA:39,2
DA:40,2
DA:42,2
DA:43,1
DA:44,1
DA:46,1
DA:47,0
DA:50,1
DA:51,0
DA:54,1
DA:55,0
DA:58,1
DA:59,1
DA:62,0
DA:63,0
DA:67,4
DA:70,5
DA:71,4
DA:73,11
DA:74,11
DA:75,11
DA:76,11
DA:82,0
DA:94,0
DA:102,0
DA:116,11
DA:117,11
DA:118,1
DA:129,11
DA:135,1
DA:138,1
LF:42
LH:34
BRDA:40,0,0,2
BRDA:40,0,1,2
BRDA:40,0,2,2
BRDA:40,0,3,1
BRDA:42,1,0,1
BRDA:42,1,1,1
BRDA:46,2,0,0
BRDA:46,2,1,1
BRDA:50,3,0,0
BRDA:50,3,1,1
BRDA:54,4,0,0
BRDA:54,4,1,1
BRDA:54,5,0,1
BRDA:54,5,1,1
BRDA:58,6,0,1
BRDA:58,6,1,0
BRDA:58,7,0,1
BRDA:58,7,1,1
BRDA:62,8,0,0
BRDA:62,8,1,0
BRDA:75,9,0,11
BRDA:75,9,1,4
BRDA:75,9,2,2
BRDA:117,10,0,10
BRDA:117,10,1,1
BRF:25
BRH:19
end_of_record
TN:
SF:/Users/testing/Projects/React-Native/react-native-matrix-demo-with-test-cases/App/Containers/RotatePictureScreen.js
FN:7,(anonymous_0)
FN:12,RotatePictureScreen
FN:22,(anonymous_2)
FN:41,(anonymous_3)
FN:56,renderAddMatrixView
FN:66,onChangeText
FN:78,renderNote
FN:81,renderMatrix
FN:87,(anonymous_8)
FN:90,(anonymous_9)
FN:98,renderRotateImage
FN:108,render
FNF:12
FNH:11
FNDA:1,(anonymous_0)
FNDA:5,RotatePictureScreen
FNDA:3,(anonymous_2)
FNDA:1,(anonymous_3)
FNDA:12,renderAddMatrixView
FNDA:0,onChangeText
FNDA:12,renderNote
FNDA:3,renderMatrix
FNDA:9,(anonymous_8)
FNDA:27,(anonymous_9)
FNDA:3,renderRotateImage
FNDA:12,render
DA:1,1
DA:2,1
DA:3,1
DA:4,1
DA:5,1
DA:7,1
DA:12,5
DA:13,5
DA:23,3
DA:24,3
DA:25,1
DA:26,1
DA:28,2
DA:32,2
DA:33,6
DA:34,18
DA:37,2
DA:39,5
DA:42,1
DA:43,1
DA:44,1
DA:45,1
DA:46,1
DA:47,1
DA:48,2
DA:49,2
DA:50,2
DA:51,2
DA:52,2
DA:55,1
DA:56,5
DA:58,12
DA:59,12
DA:60,12
DA:66,0
DA:80,12
DA:84,3
DA:85,3
DA:88,9
DA:91,27
DA:101,3
DA:111,12
DA:112,12
DA:120,1
DA:123,1
LF:45
LH:44
BRDA:24,0,0,1
BRDA:24,0,1,2
BRDA:24,1,0,3
BRDA:24,1,1,3
BRDA:116,2,0,12
BRDA:116,2,1,3
BRDA:117,3,0,12
BRDA:117,3,1,3
BRF:8
BRH:8
end_of_record
TN:
SF:/Users/testing/Projects/React-Native/react-native-matrix-demo-with-test-cases/App/Containers/Styles/HomeScreenStyles.js
FN:2,ownKeys
FN:2,(anonymous_1)
FN:2,_objectSpread
FN:2,(anonymous_3)
FN:2,(anonymous_4)
FNF:5
FNH:3
FNDA:1,ownKeys
FNDA:0,(anonymous_1)
FNDA:1,_objectSpread
FNDA:7,(anonymous_3)
FNDA:0,(anonymous_4)
DA:1,1
DA:2,7
DA:4,1
DA:9,1
LF:4
LH:4
BRDA:2,0,0,1
BRDA:2,0,1,0
BRDA:2,1,0,1
BRDA:2,1,1,0
BRDA:2,2,0,2
BRDA:2,2,1,0
BRDA:2,3,0,1
BRDA:2,3,1,1
BRDA:2,4,0,1
BRDA:2,4,1,0
BRF:10
BRH:6
end_of_record
TN:
SF:/Users/testing/Projects/React-Native/react-native-matrix-demo-with-test-cases/App/Containers/Styles/ProductRecommendationScreenStyle.js
FN:2,ownKeys
FN:2,(anonymous_1)
FN:2,_objectSpread
FN:2,(anonymous_3)
FN:2,(anonymous_4)
FNF:5
FNH:3
FNDA:1,ownKeys
FNDA:0,(anonymous_1)
FNDA:1,_objectSpread
FNDA:7,(anonymous_3)
FNDA:0,(anonymous_4)
DA:1,1
DA:2,7
DA:4,1
DA:17,1
LF:4
LH:4
BRDA:2,0,0,1
BRDA:2,0,1,0
BRDA:2,1,0,1
BRDA:2,1,1,0
BRDA:2,2,0,2
BRDA:2,2,1,0
BRDA:2,3,0,1
BRDA:2,3,1,1
BRDA:2,4,0,1
BRDA:2,4,1,0
BRF:10
BRH:6
end_of_record
TN:
SF:/Users/testing/Projects/React-Native/react-native-matrix-demo-with-test-cases/App/Containers/Styles/RotatePictureScreenStyle.js
FN:2,ownKeys
FN:2,(anonymous_1)
FN:2,_objectSpread
FN:2,(anonymous_3)
FN:2,(anonymous_4)
FNF:5
FNH:3
FNDA:1,ownKeys
FNDA:0,(anonymous_1)
FNDA:1,_objectSpread
FNDA:7,(anonymous_3)
FNDA:0,(anonymous_4)
DA:1,1
DA:2,7
DA:4,1
DA:45,1
LF:4
LH:4
BRDA:2,0,0,1
BRDA:2,0,1,0
BRDA:2,1,0,1
BRDA:2,1,1,0
BRDA:2,2,0,2
BRDA:2,2,1,0
BRDA:2,3,0,1
BRDA:2,3,1,1
BRDA:2,4,0,1
BRDA:2,4,1,0
BRF:10
BRH:6
end_of_record
TN:
SF:/Users/testing/Projects/React-Native/react-native-matrix-demo-with-test-cases/App/Images/checked.png
FNF:0
FNH:0
DA:1,5
LF:1
LH:1
BRF:0
BRH:0
end_of_record
TN:
SF:/Users/testing/Projects/React-Native/react-native-matrix-demo-with-test-cases/App/Images/launch-icon.png
FNF:0
FNH:0
DA:1,5
LF:1
LH:1
BRF:0
BRH:0
end_of_record
TN:
SF:/Users/testing/Projects/React-Native/react-native-matrix-demo-with-test-cases/App/Images/unchecked.png
FNF:0
FNH:0
DA:1,5
LF:1
LH:1
BRF:0
BRH:0
end_of_record
TN:
SF:/Users/testing/Projects/React-Native/react-native-matrix-demo-with-test-cases/App/Themes/ApplicationStyles.js
FN:3,ownKeys
FN:3,(anonymous_1)
FN:3,_objectSpread
FN:3,(anonymous_3)
FN:3,(anonymous_4)
FNF:5
FNH:3
FNDA:15,ownKeys
FNDA:0,(anonymous_1)
FNDA:15,_objectSpread
FNDA:30,(anonymous_3)
FNDA:0,(anonymous_4)
DA:1,5
DA:2,5
DA:3,30
DA:8,5
DA:81,5
LF:5
LH:5
BRDA:3,0,0,15
BRDA:3,0,1,0
BRDA:3,1,0,15
BRDA:3,1,1,0
BRDA:3,2,0,30
BRDA:3,2,1,0
BRDA:3,3,0,15
BRDA:3,3,1,15
BRDA:3,4,0,15
BRDA:3,4,1,0
BRF:10
BRH:6
end_of_record
TN:
SF:/Users/testing/Projects/React-Native/react-native-matrix-demo-with-test-cases/App/Themes/Colors.js
FNF:0
FNH:0
DA:1,5
DA:28,5
LF:2
LH:2
BRF:0
BRH:0
end_of_record
TN:
SF:/Users/testing/Projects/React-Native/react-native-matrix-demo-with-test-cases/App/Themes/Fonts.js
FNF:0
FNH:0
DA:1,5
DA:7,5
DA:21,5
DA:56,5
DA:59,5
LF:5
LH:5
BRF:0
BRH:0
end_of_record
TN:
SF:/Users/testing/Projects/React-Native/react-native-matrix-demo-with-test-cases/App/Themes/Images.js
FNF:0
FNH:0
DA:1,5
DA:2,5
DA:8,5
LF:3
LH:3
BRF:0
BRH:0
end_of_record
TN:
SF:/Users/testing/Projects/React-Native/react-native-matrix-demo-with-test-cases/App/Themes/Metrics.js
FNF:0
FNH:0
DA:1,5
DA:3,5
DA:6,5
DA:34,5
LF:4
LH:4
BRDA:15,0,0,5
BRDA:15,0,1,0
BRDA:16,1,0,5
BRDA:16,1,1,0
BRDA:17,2,0,5
BRDA:17,2,1,0
BRF:6
BRH:3
end_of_record
TN:
SF:/Users/testing/Projects/React-Native/react-native-matrix-demo-with-test-cases/App/Themes/index.js
FN:1,get
FN:1,get
FN:1,get
FN:1,get
FN:1,get
FNF:5
FNH:2
FNDA:12,get
FNDA:0,get
FNDA:0,get
FNDA:0,get
FNDA:3,get
DA:1,12
DA:2,5
DA:3,5
DA:4,5
DA:5,5
LF:5
LH:5
BRF:0
BRH:0
end_of_record
